-------------------------------------------------------------------------------
Test set: autoTest.accuweather.indices.ListDailyIndicesTest
-------------------------------------------------------------------------------
Tests run: 1, Failures: 1, Errors: 0, Skipped: 0, Time elapsed: 0.699 s <<< FAILURE! - in autoTest.accuweather.indices.ListDailyIndicesTest
getListDailyIndices  Time elapsed: 0.698 s  <<< FAILURE!
org.opentest4j.AssertionFailedError: expected: <117> but was: <118>
	at autoTest.accuweather.indices.ListDailyIndicesTest.getListDailyIndices(ListDailyIndicesTest.java:35)

